C:\Program Files (x86)\Microsoft Visual Studio\2017\Community\Common7\IDE\VC\VCTargets\Microsoft.CppBuild.targets(391,5): warning MSB8028: 中间目录(Debug\)包含从另一个项目(Tensor.vcxproj)共享的文件。   这会导致错误的清除和重新生成行为。
  Utility.cpp
  Configuration.cpp
f:\desktop\ml-master\src\machinelearninglib\layer\layerbase.h : warning C4819: 该文件包含不能在当前代码页(936)中表示的字符。请将该文件保存为 Unicode 格式以防止数据丢失
f:\desktop\ml-master\src\machinelearninglib\model\model.h(24): error C3203: “LayerBase”: 未专用化的 类 模板 不能用作 模板 变量，该变量属于 模板 参数“_Ty”，应为 real 类型
f:\desktop\ml-master\src\machinelearninglib\model\model.h(31): error C3203: “LayerBase”: 未专用化的 类 模板 不能用作 模板 变量，该变量属于 模板 参数“_Ty”，应为 real 类型
f:\desktop\ml-master\src\machinelearninglib\model\model.h(35): error C4430: 缺少类型说明符 - 假定为 int。注意: C++ 不支持默认 int
f:\desktop\ml-master\src\machinelearninglib\model\model.h(35): error C2146: 语法错误: 缺少“;”(在标识符“add”的前面)
f:\desktop\ml-master\src\machinelearninglib\model\model.h(35): error C3872: “0xe6e6”: 此字符不允许在标识符中使用
f:\desktop\ml-master\src\machinelearninglib\model\model.h(36): error C3872: “0xe750”: 此字符不允许在标识符中使用
f:\desktop\ml-master\src\machinelearninglib\model\cnnmodel.h(8): error C2143: 语法错误: 缺少“;”(在“{”的前面)
f:\desktop\ml-master\src\machinelearninglib\model\cnnmodel.h(8): error C2447: “{”: 缺少函数标题(是否是老式的形式表?)
  RNNConfiguration.cpp
  VanillaNNConfiguration.cpp
f:\desktop\ml-master\src\machinelearninglib\layer\layerbase.h : warning C4819: 该文件包含不能在当前代码页(936)中表示的字符。请将该文件保存为 Unicode 格式以防止数据丢失
f:\desktop\ml-master\src\machinelearninglib\model\model.h(24): error C3203: “LayerBase”: 未专用化的 类 模板 不能用作 模板 变量，该变量属于 模板 参数“_Ty”，应为 real 类型
f:\desktop\ml-master\src\machinelearninglib\model\model.h(31): error C3203: “LayerBase”: 未专用化的 类 模板 不能用作 模板 变量，该变量属于 模板 参数“_Ty”，应为 real 类型
f:\desktop\ml-master\src\machinelearninglib\model\model.h(35): error C4430: 缺少类型说明符 - 假定为 int。注意: C++ 不支持默认 int
f:\desktop\ml-master\src\machinelearninglib\model\model.h(35): error C2146: 语法错误: 缺少“;”(在标识符“add”的前面)
f:\desktop\ml-master\src\machinelearninglib\model\model.h(35): error C3872: “0xe6e6”: 此字符不允许在标识符中使用
f:\desktop\ml-master\src\machinelearninglib\model\model.h(36): error C3872: “0xe750”: 此字符不允许在标识符中使用
f:\desktop\ml-master\src\machinelearninglib\model\vanillannmodel.h(7): error C2143: 语法错误: 缺少“;”(在“{”的前面)
f:\desktop\ml-master\src\machinelearninglib\model\vanillannmodel.h(7): error C2447: “{”: 缺少函数标题(是否是老式的形式表?)
f:\desktop\ml-master\src\machinelearninglib\config\vanillannconfiguration.cpp(33): error C2061: 语法错误: 标识符“VanillaNNModel”
  DataSet.cpp
  MnistDataSet.cpp
f:\desktop\ml-master\src\machinelearninglib\data\mnistdataset.cpp(19): warning C4018: “<”: 有符号/无符号不匹配
f:\desktop\ml-master\src\machinelearninglib\common\vector.h(52): warning C4018: “<”: 有符号/无符号不匹配
  f:\desktop\ml-master\src\machinelearninglib\common\vector.h(51): note: 编译 类 模板 成员函数 "FengML::Vector<float> &FengML::Vector<float>::Div(T)" 时
          with
          [
              T=float
          ]
  f:\desktop\ml-master\src\machinelearninglib\data\mnistdataset.cpp(58): note: 参见对正在编译的函数 模板 实例化“FengML::Vector<float> &FengML::Vector<float>::Div(T)”的引用
          with
          [
              T=float
          ]
  f:\desktop\ml-master\src\machinelearninglib\data\mnistdataset.h(14): note: 参见对正在编译的 类 模板 实例化 "FengML::Vector<float>" 的引用
f:\desktop\ml-master\src\machinelearninglib\common\vector.h(35): warning C4018: “<”: 有符号/无符号不匹配
  f:\desktop\ml-master\src\machinelearninglib\common\vector.h(32): note: 编译 类 模板 成员函数 "void FengML::Vector<float>::Print(std::ofstream &,int)" 时
  f:\desktop\ml-master\src\machinelearninglib\data\mnistdataset.cpp(26): note: 参见对正在编译的函数 模板 实例化“void FengML::Vector<float>::Print(std::ofstream &,int)”的引用
f:\desktop\ml-master\src\machinelearninglib\common\vector.h(43): warning C4018: “<”: 有符号/无符号不匹配
f:\desktop\ml-master\src\machinelearninglib\common\vector.h(25): warning C4018: “<”: 有符号/无符号不匹配
  c:\program files (x86)\microsoft visual studio\2017\community\vc\tools\msvc\14.13.26128\include\xmemory0(919): note: 参见对正在编译的函数 模板 实例化“FengML::Vector<float>::Vector<unsigned char>(U *,::size_t)”的引用
          with
          [
              U=unsigned char
          ]
  c:\program files (x86)\microsoft visual studio\2017\community\vc\tools\msvc\14.13.26128\include\xmemory0(919): note: 参见对正在编译的函数 模板 实例化“FengML::Vector<float>::Vector<unsigned char>(U *,::size_t)”的引用
          with
          [
              U=unsigned char
          ]
  c:\program files (x86)\microsoft visual studio\2017\community\vc\tools\msvc\14.13.26128\include\vector(968): note: 参见对正在编译的函数 模板 实例化“void std::_Default_allocator_traits<_Alloc>::construct<_Ty,unsigned char*&,int>(_Alloc &,_Objty *const ,unsigned char *&,int &&)”的引用
          with
          [
              _Alloc=std::allocator<FengML::Vector<float>>,
              _Ty=FengML::Vector<float>,
              _Objty=FengML::Vector<float>
          ]
  c:\program files (x86)\microsoft visual studio\2017\community\vc\tools\msvc\14.13.26128\include\vector(968): note: 参见对正在编译的函数 模板 实例化“void std::_Default_allocator_traits<_Alloc>::construct<_Ty,unsigned char*&,int>(_Alloc &,_Objty *const ,unsigned char *&,int &&)”的引用
          with
          [
              _Alloc=std::allocator<FengML::Vector<float>>,
              _Ty=FengML::Vector<float>,
              _Objty=FengML::Vector<float>
          ]
  f:\desktop\ml-master\src\machinelearninglib\data\mnistdataset.cpp(57): note: 参见对正在编译的函数 模板 实例化“void std::vector<FengML::Vector<float>,std::allocator<_Ty>>::emplace_back<unsigned char*&,int>(unsigned char *&,int &&)”的引用
          with
          [
              _Ty=FengML::Vector<float>
          ]
c:\program files (x86)\microsoft visual studio\2017\community\vc\tools\msvc\14.13.26128\include\xutility(2440): warning C4996: 'std::copy::_Unchecked_iterators::_Deprecate': Call to 'std::copy' with parameters that may be unsafe - this call relies on the caller to check that the passed values are correct. To disable this warning, use -D_SCL_SECURE_NO_WARNINGS. See documentation on how to use Visual C++ 'Checked Iterators'
  c:\program files (x86)\microsoft visual studio\2017\community\vc\tools\msvc\14.13.26128\include\xutility(2440): note: 参见“std::copy::_Unchecked_iterators::_Deprecate”的声明
  f:\desktop\ml-master\src\machinelearninglib\common\vector.h(244): note: 参见对正在编译的函数 模板 实例化“_OutIt std::copy<T*,T*>(_InIt,_InIt,_OutIt)”的引用
          with
          [
              _OutIt=float *,
              T=float,
              _InIt=float *
          ]
  f:\desktop\ml-master\src\machinelearninglib\common\vector.h(241): note: 编译 类 模板 成员函数 "FengML::Vector<float>::Vector(const FengML::Vector<float> &)" 时
  c:\program files (x86)\microsoft visual studio\2017\community\vc\tools\msvc\14.13.26128\include\xmemory0(919): note: 参见对正在编译的函数 模板 实例化“FengML::Vector<float>::Vector(const FengML::Vector<float> &)”的引用
  c:\program files (x86)\microsoft visual studio\2017\community\vc\tools\msvc\14.13.26128\include\xmemory(120): note: 参见对正在编译的函数 模板 实例化“void std::_Default_allocator_traits<_Alloc>::construct<_Ty,FengML::Vector<float>&>(_Alloc &,_Objty *const ,FengML::Vector<float> &)”的引用
          with
          [
              _Alloc=std::allocator<FengML::Vector<float>>,
              _Ty=FengML::Vector<float>,
              _Objty=FengML::Vector<float>
          ]
  c:\program files (x86)\microsoft visual studio\2017\community\vc\tools\msvc\14.13.26128\include\xmemory(120): note: 参见对正在编译的函数 模板 实例化“void std::_Default_allocator_traits<_Alloc>::construct<_Ty,FengML::Vector<float>&>(_Alloc &,_Objty *const ,FengML::Vector<float> &)”的引用
          with
          [
              _Alloc=std::allocator<FengML::Vector<float>>,
              _Ty=FengML::Vector<float>,
              _Objty=FengML::Vector<float>
          ]
  c:\program files (x86)\microsoft visual studio\2017\community\vc\tools\msvc\14.13.26128\include\xmemory(153): note: 参见对正在编译的函数 模板 实例化“_FwdIt std::_Uninitialized_copy_al_unchecked<_Iter,_Iter,_Alloc>(_InIt,_InIt,_FwdIt,_Alloc &,std::_General_ptr_iterator_tag,std::_Any_tag)”的引用
          with
          [
              _FwdIt=FengML::Vector<float> *,
              _Iter=FengML::Vector<float> *,
              _Alloc=std::allocator<FengML::Vector<float>>,
              _InIt=FengML::Vector<float> *
          ]
  c:\program files (x86)\microsoft visual studio\2017\community\vc\tools\msvc\14.13.26128\include\vector(1939): note: 参见对正在编译的函数 模板 实例化“_FwdIt *std::_Uninitialized_copy<FengML::Vector<float>*,FengML::Vector<float>*,std::allocator<_Ty>>(_InIt,_InIt,_FwdIt,_Alloc &)”的引用
          with
          [
              _FwdIt=FengML::Vector<float> *,
              _Ty=FengML::Vector<float>,
              _InIt=FengML::Vector<float> *,
              _Alloc=std::allocator<FengML::Vector<float>>
          ]
  c:\program files (x86)\microsoft visual studio\2017\community\vc\tools\msvc\14.13.26128\include\vector(1938): note: 编译 类 模板 成员函数 "void std::vector<FengML::Vector<float>,std::allocator<_Ty>>::_Umove_if_noexcept1(FengML::Vector<float> *,FengML::Vector<float> *,FengML::Vector<float> *,std::false_type)" 时
          with
          [
              _Ty=FengML::Vector<float>
          ]
  c:\program files (x86)\microsoft visual studio\2017\community\vc\tools\msvc\14.13.26128\include\vector(1944): note: 参见对正在编译的函数 模板 实例化“void std::vector<FengML::Vector<float>,std::allocator<_Ty>>::_Umove_if_noexcept1(FengML::Vector<float> *,FengML::Vector<float> *,FengML::Vector<float> *,std::false_type)”的引用
          with
          [
              _Ty=FengML::Vector<float>
          ]
  f:\desktop\ml-master\src\machinelearninglib\data\dataset.h(21): note: 参见对正在编译的 类 模板 实例化 "std::vector<FengML::Vector<float>,std::allocator<_Ty>>" 的引用
          with
          [
              _Ty=FengML::Vector<float>
          ]
  SeqDataSet.cpp
  LayerBase.cpp
f:\desktop\ml-master\src\machinelearninglib\layer\layerbase.cpp : warning C4819: 该文件包含不能在当前代码页(936)中表示的字符。请将该文件保存为 Unicode 格式以防止数据丢失
f:\desktop\ml-master\src\machinelearninglib\layer\layerbase.h : warning C4819: 该文件包含不能在当前代码页(936)中表示的字符。请将该文件保存为 Unicode 格式以防止数据丢失
f:\desktop\ml-master\src\machinelearninglib\layer\layerbase.cpp(5): error C2955: “FengML::LayerBase”: 使用 类 模板 需要 模板 参数列表
  f:\desktop\ml-master\src\machinelearninglib\layer\layerbase.h(27): note: 参见“FengML::LayerBase”的声明
f:\desktop\ml-master\src\machinelearninglib\layer\layerbase.cpp(5): error C2133: “FengML::dummyLayer”: 未知的大小
f:\desktop\ml-master\src\machinelearninglib\layer\layerbase.cpp(5): error C2512: “FengML::LayerBase”: 没有合适的默认构造函数可用
  f:\desktop\ml-master\src\machinelearninglib\layer\layerbase.h(27): note: 参见“FengML::LayerBase”的声明
f:\desktop\ml-master\src\machinelearninglib\layer\layerbase.cpp(8): error C2955: “FengML::LayerBase”: 使用 类 模板 需要 模板 参数列表
  f:\desktop\ml-master\src\machinelearninglib\layer\layerbase.h(27): note: 参见“FengML::LayerBase”的声明
f:\desktop\ml-master\src\machinelearninglib\layer\layerbase.cpp(8): error C3203: “LayerBase”: 未专用化的 类 模板 不能用作 模板 变量，该变量属于 模板 参数“_Ty”，应为 real 类型
f:\desktop\ml-master\src\machinelearninglib\layer\layerbase.cpp(10): error C2509: “Add”: 成员函数没有在“FengML::LayerBase”中声明
  f:\desktop\ml-master\src\machinelearninglib\layer\layerbase.h(27): note: 参见“FengML::LayerBase”的声明
f:\desktop\ml-master\src\machinelearninglib\layer\layerbase.cpp(50): error C2955: “FengML::LayerBase”: 使用 类 模板 需要 模板 参数列表
  f:\desktop\ml-master\src\machinelearninglib\layer\layerbase.h(27): note: 参见“FengML::LayerBase”的声明
f:\desktop\ml-master\src\machinelearninglib\layer\layerbase.cpp(51): error C2509: “Previous”: 成员函数没有在“FengML::LayerBase”中声明
  f:\desktop\ml-master\src\machinelearninglib\layer\layerbase.h(27): note: 参见“FengML::LayerBase”的声明
f:\desktop\ml-master\src\machinelearninglib\layer\layerbase.cpp(60): error C3203: “LayerBase”: 未专用化的 类 模板 不能用作 模板 变量，该变量属于 模板 参数“_Ty”，应为 real 类型
f:\desktop\ml-master\src\machinelearninglib\layer\layerbase.cpp(60): error C2955: “FengML::LayerBase”: 使用 类 模板 需要 模板 参数列表
  f:\desktop\ml-master\src\machinelearninglib\layer\layerbase.h(27): note: 参见“FengML::LayerBase”的声明
f:\desktop\ml-master\src\machinelearninglib\layer\layerbase.cpp(61): error C2509: “Next”: 成员函数没有在“FengML::LayerBase”中声明
  f:\desktop\ml-master\src\machinelearninglib\layer\layerbase.h(27): note: 参见“FengML::LayerBase”的声明
  LRModel.cpp
f:\desktop\ml-master\src\machinelearninglib\layer\layerbase.h : warning C4819: 该文件包含不能在当前代码页(936)中表示的字符。请将该文件保存为 Unicode 格式以防止数据丢失
f:\desktop\ml-master\src\machinelearninglib\model\model.h(24): error C3203: “LayerBase”: 未专用化的 类 模板 不能用作 模板 变量，该变量属于 模板 参数“_Ty”，应为 real 类型
f:\desktop\ml-master\src\machinelearninglib\model\model.h(31): error C3203: “LayerBase”: 未专用化的 类 模板 不能用作 模板 变量，该变量属于 模板 参数“_Ty”，应为 real 类型
f:\desktop\ml-master\src\machinelearninglib\model\model.h(35): error C4430: 缺少类型说明符 - 假定为 int。注意: C++ 不支持默认 int
f:\desktop\ml-master\src\machinelearninglib\model\model.h(35): error C2146: 语法错误: 缺少“;”(在标识符“add”的前面)
f:\desktop\ml-master\src\machinelearninglib\model\model.h(35): error C3872: “0xe6e6”: 此字符不允许在标识符中使用
f:\desktop\ml-master\src\machinelearninglib\model\model.h(36): error C3872: “0xe750”: 此字符不允许在标识符中使用
f:\desktop\ml-master\src\machinelearninglib\model\lrmodel.h(6): error C2143: 语法错误: 缺少“;”(在“{”的前面)
f:\desktop\ml-master\src\machinelearninglib\model\lrmodel.h(6): error C2447: “{”: 缺少函数标题(是否是老式的形式表?)
f:\desktop\ml-master\src\machinelearninglib\model\lrmodel.cpp(6): error C2653: “LRModel”: 不是类或命名空间名称
f:\desktop\ml-master\src\machinelearninglib\model\lrmodel.cpp(6): error C4430: 缺少类型说明符 - 假定为 int。注意: C++ 不支持默认 int
f:\desktop\ml-master\src\machinelearninglib\model\lrmodel.cpp(7): error C2550: “FengML::LRModel”: 构造函数初始值设定项列表只能在构造函数定义中使用
f:\desktop\ml-master\src\machinelearninglib\model\lrmodel.cpp(9): error C2065: “b”: 未声明的标识符
f:\desktop\ml-master\src\machinelearninglib\model\lrmodel.cpp(9): error C2065: “m_config”: 未声明的标识符
f:\desktop\ml-master\src\machinelearninglib\model\lrmodel.cpp(9): error C2228: “.category_number”的左边必须有类/结构/联合
  f:\desktop\ml-master\src\machinelearninglib\model\lrmodel.cpp(9): note: 类型是“unknown-type”
f:\desktop\ml-master\src\machinelearninglib\model\lrmodel.cpp(10): error C2065: “W”: 未声明的标识符
f:\desktop\ml-master\src\machinelearninglib\model\lrmodel.cpp(10): error C2065: “m_config”: 未声明的标识符
f:\desktop\ml-master\src\machinelearninglib\model\lrmodel.cpp(10): error C2228: “.category_number”的左边必须有类/结构/联合
  f:\desktop\ml-master\src\machinelearninglib\model\lrmodel.cpp(10): note: 类型是“unknown-type”
f:\desktop\ml-master\src\machinelearninglib\model\lrmodel.cpp(10): error C2440: “<function-style-cast>”: 无法从“const int”转换为“FengML::Matrix<float>”
  f:\desktop\ml-master\src\machinelearninglib\model\lrmodel.cpp(10): note: 无构造函数可以接受源类型，或构造函数重载决策不明确
f:\desktop\ml-master\src\machinelearninglib\model\lrmodel.cpp(11): error C2065: “W”: 未声明的标识符
f:\desktop\ml-master\src\machinelearninglib\model\lrmodel.cpp(11): error C2228: “.FanInFanOutRandomize”的左边必须有类/结构/联合
  f:\desktop\ml-master\src\machinelearninglib\model\lrmodel.cpp(11): note: 类型是“unknown-type”
f:\desktop\ml-master\src\machinelearninglib\model\lrmodel.cpp(12): error C3861: “Setup”: 找不到标识符
f:\desktop\ml-master\src\machinelearninglib\model\lrmodel.cpp(13): warning C4508: “FengML::LRModel”: 函数应返回一个值；假定“void”返回类型
f:\desktop\ml-master\src\machinelearninglib\model\lrmodel.cpp(15): error C2653: “LRModel”: 不是类或命名空间名称
f:\desktop\ml-master\src\machinelearninglib\model\lrmodel.cpp(17): error C2065: “db”: 未声明的标识符
f:\desktop\ml-master\src\machinelearninglib\model\lrmodel.cpp(18): error C2065: “dW”: 未声明的标识符
f:\desktop\ml-master\src\machinelearninglib\model\lrmodel.cpp(21): error C2653: “LRModel”: 不是类或命名空间名称
f:\desktop\ml-master\src\machinelearninglib\model\lrmodel.cpp(23): error C2065: “db”: 未声明的标识符
f:\desktop\ml-master\src\machinelearninglib\model\lrmodel.cpp(23): error C2228: “.Div”的左边必须有类/结构/联合
  f:\desktop\ml-master\src\machinelearninglib\model\lrmodel.cpp(23): note: 类型是“unknown-type”
f:\desktop\ml-master\src\machinelearninglib\model\lrmodel.cpp(23): error C2065: “m_config”: 未声明的标识符
f:\desktop\ml-master\src\machinelearninglib\model\lrmodel.cpp(23): error C2228: “.batchSize”的左边必须有类/结构/联合
  f:\desktop\ml-master\src\machinelearninglib\model\lrmodel.cpp(23): note: 类型是“unknown-type”
f:\desktop\ml-master\src\machinelearninglib\model\lrmodel.cpp(24): error C2065: “dW”: 未声明的标识符
f:\desktop\ml-master\src\machinelearninglib\model\lrmodel.cpp(24): error C2228: “.Div”的左边必须有类/结构/联合
  f:\desktop\ml-master\src\machinelearninglib\model\lrmodel.cpp(24): note: 类型是“unknown-type”
f:\desktop\ml-master\src\machinelearninglib\model\lrmodel.cpp(24): error C2065: “m_config”: 未声明的标识符
f:\desktop\ml-master\src\machinelearninglib\model\lrmodel.cpp(24): error C2228: “.batchSize”的左边必须有类/结构/联合
  f:\desktop\ml-master\src\machinelearninglib\model\lrmodel.cpp(24): note: 类型是“unknown-type”
f:\desktop\ml-master\src\machinelearninglib\model\lrmodel.cpp(25): error C2065: “b”: 未声明的标识符
f:\desktop\ml-master\src\machinelearninglib\model\lrmodel.cpp(25): error C2228: “.Sub”的左边必须有类/结构/联合
  f:\desktop\ml-master\src\machinelearninglib\model\lrmodel.cpp(25): note: 类型是“unknown-type”
f:\desktop\ml-master\src\machinelearninglib\model\lrmodel.cpp(25): error C2065: “m_config”: 未声明的标识符
f:\desktop\ml-master\src\machinelearninglib\model\lrmodel.cpp(25): error C2228: “.learning_rate”的左边必须有类/结构/联合
  f:\desktop\ml-master\src\machinelearninglib\model\lrmodel.cpp(25): note: 类型是“unknown-type”
f:\desktop\ml-master\src\machinelearninglib\model\lrmodel.cpp(25): error C2065: “db”: 未声明的标识符
f:\desktop\ml-master\src\machinelearninglib\model\lrmodel.cpp(26): error C2065: “W”: 未声明的标识符
f:\desktop\ml-master\src\machinelearninglib\model\lrmodel.cpp(26): error C2228: “.Sub”的左边必须有类/结构/联合
  f:\desktop\ml-master\src\machinelearninglib\model\lrmodel.cpp(26): note: 类型是“unknown-type”
f:\desktop\ml-master\src\machinelearninglib\model\lrmodel.cpp(26): error C2065: “m_config”: 未声明的标识符
f:\desktop\ml-master\src\machinelearninglib\model\lrmodel.cpp(26): error C2228: “.learning_rate”的左边必须有类/结构/联合
  f:\desktop\ml-master\src\machinelearninglib\model\lrmodel.cpp(26): note: 类型是“unknown-type”
f:\desktop\ml-master\src\machinelearninglib\model\lrmodel.cpp(26): error C2065: “dW”: 未声明的标识符
f:\desktop\ml-master\src\machinelearninglib\model\lrmodel.cpp(29): error C2653: “LRModel”: 不是类或命名空间名称
f:\desktop\ml-master\src\machinelearninglib\model\lrmodel.cpp(31): error C2065: “y_diff”: 未声明的标识符
f:\desktop\ml-master\src\machinelearninglib\model\lrmodel.cpp(31): error C2065: “y_hat”: 未声明的标识符
f:\desktop\ml-master\src\machinelearninglib\model\lrmodel.cpp(31): error C2228: “.Sub”的左边必须有类/结构/联合
f:\desktop\ml-master\src\machinelearninglib\model\lrmodel.cpp(32): error C2065: “db”: 未声明的标识符
f:\desktop\ml-master\src\machinelearninglib\model\lrmodel.cpp(32): error C2228: “.Add”的左边必须有类/结构/联合
  f:\desktop\ml-master\src\machinelearninglib\model\lrmodel.cpp(32): note: 类型是“unknown-type”
f:\desktop\ml-master\src\machinelearninglib\model\lrmodel.cpp(32): error C2065: “y_diff”: 未声明的标识符
f:\desktop\ml-master\src\machinelearninglib\model\lrmodel.cpp(33): error C2065: “dW”: 未声明的标识符
f:\desktop\ml-master\src\machinelearninglib\model\lrmodel.cpp(33): error C2228: “.AddMul”的左边必须有类/结构/联合
  f:\desktop\ml-master\src\machinelearninglib\model\lrmodel.cpp(33): note: 类型是“unknown-type”
f:\desktop\ml-master\src\machinelearninglib\model\lrmodel.cpp(33): error C2065: “y_diff”: 未声明的标识符
f:\desktop\ml-master\src\machinelearninglib\model\lrmodel.cpp(36): error C2653: “LRModel”: 不是类或命名空间名称
f:\desktop\ml-master\src\machinelearninglib\model\lrmodel.cpp(39): error C2065: “y_hat”: 未声明的标识符
f:\desktop\ml-master\src\machinelearninglib\model\lrmodel.cpp(39): error C2228: “.AssignMul”的左边必须有类/结构/联合
  f:\desktop\ml-master\src\machinelearninglib\model\lrmodel.cpp(39): note: 类型是“unknown-type”
f:\desktop\ml-master\src\machinelearninglib\model\lrmodel.cpp(39): error C2065: “W”: 未声明的标识符
f:\desktop\ml-master\src\machinelearninglib\model\lrmodel.cpp(39): error C2228: “.Add”的左边必须有类/结构/联合
f:\desktop\ml-master\src\machinelearninglib\model\lrmodel.cpp(39): error C2065: “b”: 未声明的标识符
f:\desktop\ml-master\src\machinelearninglib\model\lrmodel.cpp(39): error C2228: “.SoftMax”的左边必须有类/结构/联合
f:\desktop\ml-master\src\machinelearninglib\model\lrmodel.cpp(40): error C2065: “y_hat”: 未声明的标识符
f:\desktop\ml-master\src\machinelearninglib\model\lrmodel.cpp(40): error C2228: “.Max”的左边必须有类/结构/联合
  f:\desktop\ml-master\src\machinelearninglib\model\lrmodel.cpp(40): note: 类型是“unknown-type”
f:\desktop\ml-master\src\machinelearninglib\model\lrmodel.cpp(40): error C2228: “.second”的左边必须有类/结构/联合
f:\desktop\ml-master\src\machinelearninglib\model\lrmodel.cpp(43): error C2653: “LRModel”: 不是类或命名空间名称
f:\desktop\ml-master\src\machinelearninglib\model\lrmodel.cpp(45): error C2065: “db”: 未声明的标识符
f:\desktop\ml-master\src\machinelearninglib\model\lrmodel.cpp(45): error C2065: “b”: 未声明的标识符
f:\desktop\ml-master\src\machinelearninglib\model\lrmodel.cpp(45): error C2228: “.Size”的左边必须有类/结构/联合
  f:\desktop\ml-master\src\machinelearninglib\model\lrmodel.cpp(45): note: 类型是“unknown-type”
f:\desktop\ml-master\src\machinelearninglib\model\lrmodel.cpp(46): error C2065: “dW”: 未声明的标识符
f:\desktop\ml-master\src\machinelearninglib\model\lrmodel.cpp(46): error C2065: “W”: 未声明的标识符
f:\desktop\ml-master\src\machinelearninglib\model\lrmodel.cpp(46): error C2228: “.Row”的左边必须有类/结构/联合
  f:\desktop\ml-master\src\machinelearninglib\model\lrmodel.cpp(46): note: 类型是“unknown-type”
f:\desktop\ml-master\src\machinelearninglib\model\lrmodel.cpp(46): error C2228: “.Col”的左边必须有类/结构/联合
  f:\desktop\ml-master\src\machinelearninglib\model\lrmodel.cpp(46): note: 类型是“unknown-type”
f:\desktop\ml-master\src\machinelearninglib\model\lrmodel.cpp(49): error C2653: “LRModel”: 不是类或命名空间名称
f:\desktop\ml-master\src\machinelearninglib\model\lrmodel.cpp(54): error C2065: “b”: 未声明的标识符
f:\desktop\ml-master\src\machinelearninglib\model\lrmodel.cpp(54): error C2065: “W”: 未声明的标识符
f:\desktop\ml-master\src\machinelearninglib\model\lrmodel.cpp(59): error C2653: “LRModel”: 不是类或命名空间名称
f:\desktop\ml-master\src\machinelearninglib\model\lrmodel.cpp(61): error C2065: “m_config”: 未声明的标识符
f:\desktop\ml-master\src\machinelearninglib\model\lrmodel.cpp(61): error C2228: “.modelSavePath”的左边必须有类/结构/联合
  f:\desktop\ml-master\src\machinelearninglib\model\lrmodel.cpp(61): note: 类型是“unknown-type”
f:\desktop\ml-master\src\machinelearninglib\model\lrmodel.cpp(61): error C2228: “.c_str”的左边必须有类/结构/联合
f:\desktop\ml-master\src\machinelearninglib\model\lrmodel.cpp(63): error C2065: “b”: 未声明的标识符
f:\desktop\ml-master\src\machinelearninglib\model\lrmodel.cpp(63): error C2065: “W”: 未声明的标识符
  Model.cpp
f:\desktop\ml-master\src\machinelearninglib\model\model.cpp : warning C4819: 该文件包含不能在当前代码页(936)中表示的字符。请将该文件保存为 Unicode 格式以防止数据丢失
f:\desktop\ml-master\src\machinelearninglib\layer\layerbase.h : warning C4819: 该文件包含不能在当前代码页(936)中表示的字符。请将该文件保存为 Unicode 格式以防止数据丢失
f:\desktop\ml-master\src\machinelearninglib\model\model.h(24): error C3203: “LayerBase”: 未专用化的 类 模板 不能用作 模板 变量，该变量属于 模板 参数“_Ty”，应为 real 类型
f:\desktop\ml-master\src\machinelearninglib\model\model.h(31): error C3203: “LayerBase”: 未专用化的 类 模板 不能用作 模板 变量，该变量属于 模板 参数“_Ty”，应为 real 类型
f:\desktop\ml-master\src\machinelearninglib\model\model.h(35): error C4430: 缺少类型说明符 - 假定为 int。注意: C++ 不支持默认 int
f:\desktop\ml-master\src\machinelearninglib\model\model.h(35): error C2146: 语法错误: 缺少“;”(在标识符“add”的前面)
f:\desktop\ml-master\src\machinelearninglib\model\model.h(35): error C3872: “0xe6e6”: 此字符不允许在标识符中使用
f:\desktop\ml-master\src\machinelearninglib\model\model.h(36): error C3872: “0xe750”: 此字符不允许在标识符中使用
f:\desktop\ml-master\src\machinelearninglib\model\lrmodel.h(6): error C2143: 语法错误: 缺少“;”(在“{”的前面)
f:\desktop\ml-master\src\machinelearninglib\model\lrmodel.h(6): error C2447: “{”: 缺少函数标题(是否是老式的形式表?)
f:\desktop\ml-master\src\machinelearninglib\model\model.cpp(17): warning C4018: “<”: 有符号/无符号不匹配
f:\desktop\ml-master\src\machinelearninglib\model\model.cpp(53): warning C4018: “<”: 有符号/无符号不匹配
f:\desktop\ml-master\src\machinelearninglib\model\model.cpp(67): error C3203: “LayerBase”: 未专用化的 类 模板 不能用作 模板 变量，该变量属于 模板 参数“_Ty”，应为 real 类型
f:\desktop\ml-master\src\machinelearninglib\model\model.cpp(73): error C2065: “outputdata”: 未声明的标识符
f:\desktop\ml-master\src\machinelearninglib\model\model.cpp(73): error C2839: 重载的“operator ->”的无效返回类型“int *”
f:\desktop\ml-master\src\machinelearninglib\model\model.cpp(73): error C2039: “Forward”: 不是“std::shared_ptr<int>”的成员
  f:\desktop\ml-master\src\machinelearninglib\model\model.h(24): note: 参见“std::shared_ptr<int>”的声明
f:\desktop\ml-master\src\machinelearninglib\model\model.cpp(73): error C2065: “inputdata”: 未声明的标识符
f:\desktop\ml-master\src\machinelearninglib\model\model.cpp(74): error C2839: 重载的“operator ->”的无效返回类型“int *”
f:\desktop\ml-master\src\machinelearninglib\model\model.cpp(74): error C2039: “Next”: 不是“std::shared_ptr<int>”的成员
  f:\desktop\ml-master\src\machinelearninglib\model\model.h(24): note: 参见“std::shared_ptr<int>”的声明
f:\desktop\ml-master\src\machinelearninglib\model\model.cpp(75): error C2065: “inputdata”: 未声明的标识符
f:\desktop\ml-master\src\machinelearninglib\model\model.cpp(75): error C2065: “outputdata”: 未声明的标识符
f:\desktop\ml-master\src\machinelearninglib\model\model.cpp(84): error C2039: “backward”: 不是“FengML::LayerBase”的成员
  f:\desktop\ml-master\src\machinelearninglib\layer\layerbase.h(27): note: 参见“FengML::LayerBase”的声明
f:\desktop\ml-master\src\machinelearninglib\model\model.cpp(85): error C2662: “FengML::LayerBase<T> *FengML::LayerBase<T>::Previous(void)”: 不能将“this”指针从“FengML::LayerBase”转换为“FengML::LayerBase<T> &”
  f:\desktop\ml-master\src\machinelearninglib\model\model.cpp(85): note: 原因如下: 无法从“FengML::LayerBase”转换为“FengML::LayerBase<T>”
  f:\desktop\ml-master\src\machinelearninglib\model\model.cpp(85): note: 转换要求第二个用户定义的转换运算符或构造函数
  RNNModel.cpp
f:\desktop\ml-master\src\machinelearninglib\model\rnnmodel.cpp(44): warning C4018: “<”: 有符号/无符号不匹配
f:\desktop\ml-master\src\machinelearninglib\common\matrix.h(97): warning C4018: “<”: 有符号/无符号不匹配
  f:\desktop\ml-master\src\machinelearninglib\common\matrix.h(93): note: 编译 类 模板 成员函数 "FengML::Matrix<float> &FengML::Matrix<float>::AddMul(const FengML::Vector<float> &,const FengML::OneHotVector &)" 时
  f:\desktop\ml-master\src\machinelearninglib\model\rnnmodel.cpp(62): note: 参见对正在编译的函数 模板 实例化“FengML::Matrix<float> &FengML::Matrix<float>::AddMul(const FengML::Vector<float> &,const FengML::OneHotVector &)”的引用
  f:\desktop\ml-master\src\machinelearninglib\model\rnnmodel.h(25): note: 参见对正在编译的 类 模板 实例化 "FengML::Matrix<float>" 的引用
f:\desktop\ml-master\src\machinelearninglib\common\matrix.h(47): warning C4018: “<”: 有符号/无符号不匹配
  f:\desktop\ml-master\src\machinelearninglib\common\matrix.h(46): note: 编译 类 模板 成员函数 "FengML::Matrix<float> &FengML::Matrix<float>::operator =(T)" 时
          with
          [
              T=float
          ]
  f:\desktop\ml-master\src\machinelearninglib\model\rnnmodel.cpp(126): note: 参见对正在编译的函数 模板 实例化“FengML::Matrix<float> &FengML::Matrix<float>::operator =(T)”的引用
          with
          [
              T=float
          ]
f:\desktop\ml-master\src\machinelearninglib\common\matrix.h(38): warning C4018: “<”: 有符号/无符号不匹配
  f:\desktop\ml-master\src\machinelearninglib\common\matrix.h(37): note: 编译 类 模板 成员函数 "FengML::Matrix<float> &FengML::Matrix<float>::Div(T)" 时
          with
          [
              T=float
          ]
  f:\desktop\ml-master\src\machinelearninglib\model\rnnmodel.cpp(71): note: 参见对正在编译的函数 模板 实例化“FengML::Matrix<float> &FengML::Matrix<float>::Div(T)”的引用
          with
          [
              T=float
          ]
f:\desktop\ml-master\src\machinelearninglib\common\vector.h(150): warning C4018: “<”: 有符号/无符号不匹配
  f:\desktop\ml-master\src\machinelearninglib\common\vector.h(147): note: 编译 类 模板 成员函数 "FengML::Vector<float> &FengML::Vector<float>::AssignMul(const FengML::Matrix<float> &,const FengML::OneHotVector &)" 时
  f:\desktop\ml-master\src\machinelearninglib\model\rnnmodel.cpp(117): note: 参见对正在编译的函数 模板 实例化“FengML::Vector<float> &FengML::Vector<float>::AssignMul(const FengML::Matrix<float> &,const FengML::OneHotVector &)”的引用
  f:\desktop\ml-master\src\machinelearninglib\model\rnnmodel.h(28): note: 参见对正在编译的 类 模板 实例化 "FengML::Vector<float>" 的引用
f:\desktop\ml-master\src\machinelearninglib\common\vector.h(138): warning C4018: “<”: 有符号/无符号不匹配
  f:\desktop\ml-master\src\machinelearninglib\common\vector.h(137): note: 编译 类 模板 成员函数 "FengML::Vector<float> &FengML::Vector<float>::MulScalarVec2Sub(T,const FengML::Vector<T> &)" 时
          with
          [
              T=float
          ]
  f:\desktop\ml-master\src\machinelearninglib\model\rnnmodel.cpp(47): note: 参见对正在编译的函数 模板 实例化“FengML::Vector<float> &FengML::Vector<float>::MulScalarVec2Sub(T,const FengML::Vector<T> &)”的引用
          with
          [
              T=float
          ]
f:\desktop\ml-master\src\machinelearninglib\common\vector.h(114): warning C4018: “<”: 有符号/无符号不匹配
  f:\desktop\ml-master\src\machinelearninglib\common\vector.h(113): note: 编译 类 模板 成员函数 "FengML::Vector<float> &FengML::Vector<float>::Sub(T,const FengML::Vector<T> &)" 时
          with
          [
              T=float
          ]
  f:\desktop\ml-master\src\machinelearninglib\model\rnnmodel.cpp(74): note: 参见对正在编译的函数 模板 实例化“FengML::Vector<float> &FengML::Vector<float>::Sub(T,const FengML::Vector<T> &)”的引用
          with
          [
              T=float
          ]
f:\desktop\ml-master\src\machinelearninglib\common\vector.h(76): warning C4018: “<”: 有符号/无符号不匹配
  f:\desktop\ml-master\src\machinelearninglib\common\vector.h(74): note: 编译 类 模板 成员函数 "FengML::Vector<float> &FengML::Vector<float>::AddMul(const FengML::Matrix<float> &,const FengML::Vector<float> &)" 时
  f:\desktop\ml-master\src\machinelearninglib\model\rnnmodel.cpp(117): note: 参见对正在编译的函数 模板 实例化“FengML::Vector<float> &FengML::Vector<float>::AddMul(const FengML::Matrix<float> &,const FengML::Vector<float> &)”的引用
f:\desktop\ml-master\src\machinelearninglib\common\vector.h(78): warning C4018: “<”: 有符号/无符号不匹配
f:\desktop\ml-master\src\machinelearninglib\common\vector.h(65): warning C4018: “<”: 有符号/无符号不匹配
  f:\desktop\ml-master\src\machinelearninglib\common\vector.h(64): note: 编译 类 模板 成员函数 "FengML::Vector<float> &FengML::Vector<float>::operator =(T)" 时
          with
          [
              T=float
          ]
  f:\desktop\ml-master\src\machinelearninglib\model\rnnmodel.cpp(27): note: 参见对正在编译的函数 模板 实例化“FengML::Vector<float> &FengML::Vector<float>::operator =(T)”的引用
          with
          [
              T=float
          ]
f:\desktop\ml-master\src\machinelearninglib\common\vector.h(52): warning C4018: “<”: 有符号/无符号不匹配
  f:\desktop\ml-master\src\machinelearninglib\common\vector.h(51): note: 编译 类 模板 成员函数 "FengML::Vector<float> &FengML::Vector<float>::Div(T)" 时
          with
          [
              T=float
          ]
  f:\desktop\ml-master\src\machinelearninglib\model\rnnmodel.cpp(69): note: 参见对正在编译的函数 模板 实例化“FengML::Vector<float> &FengML::Vector<float>::Div(T)”的引用
          with
          [
              T=float
          ]
f:\desktop\ml-master\src\machinelearninglib\common\vector.h(516): warning C4018: “<”: 有符号/无符号不匹配
  f:\desktop\ml-master\src\machinelearninglib\model\rnnmodel.cpp(138): note: 参见对正在编译的函数 模板 实例化“std::ifstream &FengML::operator >><float>(std::ifstream &,FengML::Vector<float> &)”的引用
f:\desktop\ml-master\src\machinelearninglib\common\matrix.h(279): warning C4018: “<”: 有符号/无符号不匹配
  f:\desktop\ml-master\src\machinelearninglib\model\rnnmodel.cpp(138): note: 参见对正在编译的函数 模板 实例化“std::ifstream &FengML::operator >><float>(std::ifstream &,FengML::Matrix<float> &)”的引用
f:\desktop\ml-master\src\machinelearninglib\common\vector.h(505): warning C4018: “<”: 有符号/无符号不匹配
  f:\desktop\ml-master\src\machinelearninglib\model\rnnmodel.cpp(147): note: 参见对正在编译的函数 模板 实例化“std::ofstream &FengML::operator <<<float>(std::ofstream &,const FengML::Vector<float> &)”的引用
f:\desktop\ml-master\src\machinelearninglib\common\matrix.h(263): warning C4018: “<”: 有符号/无符号不匹配
  f:\desktop\ml-master\src\machinelearninglib\model\rnnmodel.cpp(147): note: 参见对正在编译的函数 模板 实例化“std::ofstream &FengML::operator <<<float>(std::ofstream &,const FengML::Matrix<float> &)”的引用
f:\desktop\ml-master\src\machinelearninglib\common\matrix.h(265): warning C4018: “<”: 有符号/无符号不匹配
c:\program files (x86)\microsoft visual studio\2017\community\vc\tools\msvc\14.13.26128\include\xutility(2440): warning C4996: 'std::copy::_Unchecked_iterators::_Deprecate': Call to 'std::copy' with parameters that may be unsafe - this call relies on the caller to check that the passed values are correct. To disable this warning, use -D_SCL_SECURE_NO_WARNINGS. See documentation on how to use Visual C++ 'Checked Iterators'
  c:\program files (x86)\microsoft visual studio\2017\community\vc\tools\msvc\14.13.26128\include\xutility(2440): note: 参见“std::copy::_Unchecked_iterators::_Deprecate”的声明
  f:\desktop\ml-master\src\machinelearninglib\common\vector.h(265): note: 参见对正在编译的函数 模板 实例化“_OutIt std::copy<T*,T*>(_InIt,_InIt,_OutIt)”的引用
          with
          [
              _OutIt=float *,
              T=float,
              _InIt=float *
          ]
  f:\desktop\ml-master\src\machinelearninglib\common\vector.h(257): note: 编译 类 模板 成员函数 "FengML::Vector<float> &FengML::Vector<float>::operator =(const FengML::Vector<float> &)" 时
  f:\desktop\ml-master\src\machinelearninglib\model\rnnmodel.cpp(23): note: 参见对正在编译的函数 模板 实例化“FengML::Vector<float> &FengML::Vector<float>::operator =(const FengML::Vector<float> &)”的引用
  SequenceModel.cpp
f:\desktop\ml-master\src\machinelearninglib\model\sequencemodel.cpp(10): warning C4018: “<”: 有符号/无符号不匹配
f:\desktop\ml-master\src\machinelearninglib\model\sequencemodel.cpp(51): warning C4018: “<”: 有符号/无符号不匹配
f:\desktop\ml-master\src\machinelearninglib\model\sequencemodel.cpp(55): warning C4018: “<”: 有符号/无符号不匹配
  VanillaNNModel.cpp
f:\desktop\ml-master\src\machinelearninglib\layer\layerbase.h : warning C4819: 该文件包含不能在当前代码页(936)中表示的字符。请将该文件保存为 Unicode 格式以防止数据丢失
f:\desktop\ml-master\src\machinelearninglib\model\model.h(24): error C3203: “LayerBase”: 未专用化的 类 模板 不能用作 模板 变量，该变量属于 模板 参数“_Ty”，应为 real 类型
f:\desktop\ml-master\src\machinelearninglib\model\model.h(31): error C3203: “LayerBase”: 未专用化的 类 模板 不能用作 模板 变量，该变量属于 模板 参数“_Ty”，应为 real 类型
f:\desktop\ml-master\src\machinelearninglib\model\model.h(35): error C4430: 缺少类型说明符 - 假定为 int。注意: C++ 不支持默认 int
f:\desktop\ml-master\src\machinelearninglib\model\model.h(35): error C2146: 语法错误: 缺少“;”(在标识符“add”的前面)
f:\desktop\ml-master\src\machinelearninglib\model\model.h(35): error C3872: “0xe6e6”: 此字符不允许在标识符中使用
f:\desktop\ml-master\src\machinelearninglib\model\model.h(36): error C3872: “0xe750”: 此字符不允许在标识符中使用
f:\desktop\ml-master\src\machinelearninglib\config\vanillannconfiguration.h(5): error C2143: 语法错误: 缺少“;”(在“{”的前面)
f:\desktop\ml-master\src\machinelearninglib\config\vanillannconfiguration.h(5): error C2447: “{”: 缺少函数标题(是否是老式的形式表?)
f:\desktop\ml-master\src\machinelearninglib\model\vanillannmodel.h(12): error C4430: 缺少类型说明符 - 假定为 int。注意: C++ 不支持默认 int
f:\desktop\ml-master\src\machinelearninglib\model\vanillannmodel.h(12): error C2143: 语法错误: 缺少“,”(在“&”的前面)
f:\desktop\ml-master\src\machinelearninglib\model\vanillannmodel.h(21): error C4430: 缺少类型说明符 - 假定为 int。注意: C++ 不支持默认 int
f:\desktop\ml-master\src\machinelearninglib\model\vanillannmodel.h(21): error C2143: 语法错误: 缺少“;”(在“&”的前面)
f:\desktop\ml-master\src\machinelearninglib\model\vanillannmodel.h(21): error C2238: 意外的标记位于“;”之前
f:\desktop\ml-master\src\machinelearninglib\model\vanillannmodel.cpp(5): error C4430: 缺少类型说明符 - 假定为 int。注意: C++ 不支持默认 int
f:\desktop\ml-master\src\machinelearninglib\model\vanillannmodel.cpp(5): error C2143: 语法错误: 缺少“,”(在“&”的前面)
f:\desktop\ml-master\src\machinelearninglib\model\vanillannmodel.cpp(6): error C2065: “config”: 未声明的标识符
f:\desktop\ml-master\src\machinelearninglib\model\vanillannmodel.cpp(7): error C2789: “FengML::VanillaNNModel::VanillaNNConfiguration”: 必须初始化常量限定类型的对象
  f:\desktop\ml-master\src\machinelearninglib\model\vanillannmodel.h(21): note: 参见“FengML::VanillaNNModel::VanillaNNConfiguration”的声明
f:\desktop\ml-master\src\machinelearninglib\model\vanillannmodel.cpp(6): error C2614: “FengML::VanillaNNModel”: 非法的成员初始化:“m_config”不是基或成员
f:\desktop\ml-master\src\machinelearninglib\model\vanillannmodel.cpp(8): error C2039: “LayerNumber”: 不是“FengML::Configuration”的成员
  f:\desktop\ml-master\src\machinelearninglib\config\configuration.h(16): note: 参见“FengML::Configuration”的声明
f:\desktop\ml-master\src\machinelearninglib\model\vanillannmodel.cpp(13): error C2039: “hiddenLayerSizes”: 不是“FengML::Configuration”的成员
  f:\desktop\ml-master\src\machinelearninglib\config\configuration.h(16): note: 参见“FengML::Configuration”的声明
f:\desktop\ml-master\src\machinelearninglib\model\vanillannmodel.cpp(16): error C2039: “hiddenLayerSizes”: 不是“FengML::Configuration”的成员
  f:\desktop\ml-master\src\machinelearninglib\config\configuration.h(16): note: 参见“FengML::Configuration”的声明
f:\desktop\ml-master\src\machinelearninglib\model\vanillannmodel.cpp(16): error C2440: “<function-style-cast>”: 无法从“int”转换为“FengML::Matrix<float>”
  f:\desktop\ml-master\src\machinelearninglib\model\vanillannmodel.cpp(16): note: 无构造函数可以接受源类型，或构造函数重载决策不明确
f:\desktop\ml-master\src\machinelearninglib\model\vanillannmodel.cpp(20): error C2039: “hiddenLayerSizes”: 不是“FengML::Configuration”的成员
  f:\desktop\ml-master\src\machinelearninglib\config\configuration.h(16): note: 参见“FengML::Configuration”的声明
f:\desktop\ml-master\src\machinelearninglib\model\vanillannmodel.cpp(20): error C2228: “.back”的左边必须有类/结构/联合
f:\desktop\ml-master\src\machinelearninglib\model\vanillannmodel.cpp(20): error C2440: “<function-style-cast>”: 无法从“const int”转换为“FengML::Matrix<float>”
  f:\desktop\ml-master\src\machinelearninglib\model\vanillannmodel.cpp(20): note: 无构造函数可以接受源类型，或构造函数重载决策不明确
f:\desktop\ml-master\src\machinelearninglib\model\vanillannmodel.cpp(33): error C2039: “LayerNumber”: 不是“FengML::Configuration”的成员
  f:\desktop\ml-master\src\machinelearninglib\config\configuration.h(16): note: 参见“FengML::Configuration”的声明
f:\desktop\ml-master\src\machinelearninglib\model\vanillannmodel.cpp(51): error C2039: “LayerNumber”: 不是“FengML::Configuration”的成员
  f:\desktop\ml-master\src\machinelearninglib\config\configuration.h(16): note: 参见“FengML::Configuration”的声明
f:\desktop\ml-master\src\machinelearninglib\model\vanillannmodel.cpp(72): error C2039: “LayerNumber”: 不是“FengML::Configuration”的成员
  f:\desktop\ml-master\src\machinelearninglib\config\configuration.h(16): note: 参见“FengML::Configuration”的声明
f:\desktop\ml-master\src\machinelearninglib\model\vanillannmodel.cpp(84): error C2039: “LayerNumber”: 不是“FengML::Configuration”的成员
  f:\desktop\ml-master\src\machinelearninglib\config\configuration.h(16): note: 参见“FengML::Configuration”的声明
f:\desktop\ml-master\src\machinelearninglib\model\vanillannmodel.cpp(101): error C2039: “LayerNumber”: 不是“FengML::Configuration”的成员
  f:\desktop\ml-master\src\machinelearninglib\config\configuration.h(16): note: 参见“FengML::Configuration”的声明
f:\desktop\ml-master\src\machinelearninglib\model\vanillannmodel.cpp(113): error C2039: “LayerNumber”: 不是“FengML::Configuration”的成员
  f:\desktop\ml-master\src\machinelearninglib\config\configuration.h(16): note: 参见“FengML::Configuration”的声明
f:\desktop\ml-master\src\machinelearninglib\model\vanillannmodel.cpp(126): error C2039: “LayerNumber”: 不是“FengML::Configuration”的成员
  f:\desktop\ml-master\src\machinelearninglib\config\configuration.h(16): note: 参见“FengML::Configuration”的声明
  tinyxml2.cpp
  正在生成代码...
